Config file config.yaml is extended by additional config specified via the command line.
Assuming unrestricted shared filesystem usage.
host: ne1dc3-010.nygenome.org
Building DAG of jobs...
Using shell: /usr/bin/bash
Provided cores: 16
Rules claiming more threads will be scaled down.
Job stats:
job              count
-------------  -------
all                  1
complexity           1
convert_bin          1
deduplicate          1
fragments_2um        1
spaceranger          1
total                6

Select jobs to execute...
Execute 1 jobs...
[Sun Feb  8 12:45:52 2026]
localrule spaceranger:
    output: /gpfs/commons/home/cyan/data/7_space_tag_hd/1_sequencing_runs/260201_run/trimmed_fastq/27ac_0.6x/analysis_024um/cell_ranger_outs/outs/possorted_genome_bam.bam, /gpfs/commons/home/cyan/data/7_space_tag_hd/1_sequencing_runs/260201_run/trimmed_fastq/27ac_0.6x/analysis_024um/cell_ranger_outs/outs/barcode_mappings.parquet
    jobid: 4
    reason: Missing output files: /gpfs/commons/home/cyan/data/7_space_tag_hd/1_sequencing_runs/260201_run/trimmed_fastq/27ac_0.6x/analysis_024um/cell_ranger_outs/outs/barcode_mappings.parquet, /gpfs/commons/home/cyan/data/7_space_tag_hd/1_sequencing_runs/260201_run/trimmed_fastq/27ac_0.6x/analysis_024um/cell_ranger_outs/outs/possorted_genome_bam.bam; Code has changed since last execution
    threads: 16
    resources: tmpdir=/scratch, mem_mb=120000, mem=120 GB, mem_mib=114441
Shell command: 
        module load spaceranger/4.0.1
        spaceranger count --id=STHD-27ac-06x             --transcriptome=/gpfs/commons/home/cyan/genome/refdata-gex-mm10-2020-A             --fastqs=/gpfs/commons/home/cyan/data/7_space_tag_hd/1_sequencing_runs/260201_run/trimmed_fastq/27ac_0.6x             --sample=27ac_0.6x             --image=/gpfs/commons/home/cyan/data/7_space_tag_hd/2_images/260128-HD/27ac/CY-260129-space-tag-hd-H3K27ac-3-Spot000001.tif --cytaimage=/gpfs/commons/home/cyan/data/7_space_tag_hd/2_images/260128-HD/27ac/CAVG10659R1_2026-01-29_18-52-17_2026-01-29_18-43-39_H1-7HGFJMJ_A1_27ac.tif             --slide=H1-7HGFJMJ --area=A1             --custom-bin-size=24             --output-dir=/gpfs/commons/home/cyan/data/7_space_tag_hd/1_sequencing_runs/260201_run/trimmed_fastq/27ac_0.6x/analysis_024um/cell_ranger_outs             --create-bam=true
        
RuleException:
CalledProcessError in file "/gpfs/commons/home/cyan/scripts/3_space_tag_hd_code/snake_pipline/Snakefile", line 27:
Command 'set -euo pipefail;  
        module load spaceranger/4.0.1
        spaceranger count --id=STHD-27ac-06x             --transcriptome=/gpfs/commons/home/cyan/genome/refdata-gex-mm10-2020-A             --fastqs=/gpfs/commons/home/cyan/data/7_space_tag_hd/1_sequencing_runs/260201_run/trimmed_fastq/27ac_0.6x             --sample=27ac_0.6x             --image=/gpfs/commons/home/cyan/data/7_space_tag_hd/2_images/260128-HD/27ac/CY-260129-space-tag-hd-H3K27ac-3-Spot000001.tif --cytaimage=/gpfs/commons/home/cyan/data/7_space_tag_hd/2_images/260128-HD/27ac/CAVG10659R1_2026-01-29_18-52-17_2026-01-29_18-43-39_H1-7HGFJMJ_A1_27ac.tif             --slide=H1-7HGFJMJ --area=A1             --custom-bin-size=24             --output-dir=/gpfs/commons/home/cyan/data/7_space_tag_hd/1_sequencing_runs/260201_run/trimmed_fastq/27ac_0.6x/analysis_024um/cell_ranger_outs             --create-bam=true' returned non-zero exit status 1.
[Sun Feb  8 12:45:56 2026]
Error in rule spaceranger:
    message: None
    jobid: 4
    output: /gpfs/commons/home/cyan/data/7_space_tag_hd/1_sequencing_runs/260201_run/trimmed_fastq/27ac_0.6x/analysis_024um/cell_ranger_outs/outs/possorted_genome_bam.bam, /gpfs/commons/home/cyan/data/7_space_tag_hd/1_sequencing_runs/260201_run/trimmed_fastq/27ac_0.6x/analysis_024um/cell_ranger_outs/outs/barcode_mappings.parquet
    shell:
        
        module load spaceranger/4.0.1
        spaceranger count --id=STHD-27ac-06x             --transcriptome=/gpfs/commons/home/cyan/genome/refdata-gex-mm10-2020-A             --fastqs=/gpfs/commons/home/cyan/data/7_space_tag_hd/1_sequencing_runs/260201_run/trimmed_fastq/27ac_0.6x             --sample=27ac_0.6x             --image=/gpfs/commons/home/cyan/data/7_space_tag_hd/2_images/260128-HD/27ac/CY-260129-space-tag-hd-H3K27ac-3-Spot000001.tif --cytaimage=/gpfs/commons/home/cyan/data/7_space_tag_hd/2_images/260128-HD/27ac/CAVG10659R1_2026-01-29_18-52-17_2026-01-29_18-43-39_H1-7HGFJMJ_A1_27ac.tif             --slide=H1-7HGFJMJ --area=A1             --custom-bin-size=24             --output-dir=/gpfs/commons/home/cyan/data/7_space_tag_hd/1_sequencing_runs/260201_run/trimmed_fastq/27ac_0.6x/analysis_024um/cell_ranger_outs             --create-bam=true
        
        (command exited with non-zero exit code)
Shutting down, this might take some time.
Exiting because a job execution failed. Look below for error messages
[Sun Feb  8 12:45:56 2026]
Error in rule spaceranger:
    message: None
    jobid: 4
    output: /gpfs/commons/home/cyan/data/7_space_tag_hd/1_sequencing_runs/260201_run/trimmed_fastq/27ac_0.6x/analysis_024um/cell_ranger_outs/outs/possorted_genome_bam.bam, /gpfs/commons/home/cyan/data/7_space_tag_hd/1_sequencing_runs/260201_run/trimmed_fastq/27ac_0.6x/analysis_024um/cell_ranger_outs/outs/barcode_mappings.parquet
    shell:
        
        module load spaceranger/4.0.1
        spaceranger count --id=STHD-27ac-06x             --transcriptome=/gpfs/commons/home/cyan/genome/refdata-gex-mm10-2020-A             --fastqs=/gpfs/commons/home/cyan/data/7_space_tag_hd/1_sequencing_runs/260201_run/trimmed_fastq/27ac_0.6x             --sample=27ac_0.6x             --image=/gpfs/commons/home/cyan/data/7_space_tag_hd/2_images/260128-HD/27ac/CY-260129-space-tag-hd-H3K27ac-3-Spot000001.tif --cytaimage=/gpfs/commons/home/cyan/data/7_space_tag_hd/2_images/260128-HD/27ac/CAVG10659R1_2026-01-29_18-52-17_2026-01-29_18-43-39_H1-7HGFJMJ_A1_27ac.tif             --slide=H1-7HGFJMJ --area=A1             --custom-bin-size=24             --output-dir=/gpfs/commons/home/cyan/data/7_space_tag_hd/1_sequencing_runs/260201_run/trimmed_fastq/27ac_0.6x/analysis_024um/cell_ranger_outs             --create-bam=true
        
        (command exited with non-zero exit code)
Complete log(s): /gpfs/commons/home/cyan/scripts/3_space_tag_hd_code/snake_pipline/.snakemake/log/2026-02-08T124551.754382.snakemake.log
WorkflowError:
At least one job did not complete successfully.
