Config file config.yaml is extended by additional config specified via the command line.
Assuming unrestricted shared filesystem usage.
host: ne1dc4-036.nygenome.org
Building DAG of jobs...
Using shell: /usr/bin/bash
Provided cores: 16
Rules claiming more threads will be scaled down.
Job stats:
job                 count
----------------  -------
all                     1
complexity              1
convert_bin             1
convert_to_cells        1
deduplicate             1
fragments_2um           1
spaceranger             1
total                   7

Select jobs to execute...
Execute 1 jobs...
[Fri Mar 13 12:51:55 2026]
localrule spaceranger:
    output: /gpfs/commons/home/cyan/data/7_space_tag_hd/1_sequencing_runs/260201_run/trimmed_fastq/27ac_all_sc/27ac_all_sc2_20um_020um/outs/possorted_genome_bam.bam, /gpfs/commons/home/cyan/data/7_space_tag_hd/1_sequencing_runs/260201_run/trimmed_fastq/27ac_all_sc/27ac_all_sc2_20um_020um/outs/barcode_mappings.parquet
    jobid: 1
    reason: Missing output files: /gpfs/commons/home/cyan/data/7_space_tag_hd/1_sequencing_runs/260201_run/trimmed_fastq/27ac_all_sc/27ac_all_sc2_20um_020um/outs/barcode_mappings.parquet, /gpfs/commons/home/cyan/data/7_space_tag_hd/1_sequencing_runs/260201_run/trimmed_fastq/27ac_all_sc/27ac_all_sc2_20um_020um/outs/possorted_genome_bam.bam
    threads: 16
    resources: tmpdir=/scratch
Shell command: 
        module load spaceranger/4.0.1
        
        # Cleanup to avoid 'pipestance' errors
        rm -rf /gpfs/commons/home/cyan/data/7_space_tag_hd/1_sequencing_runs/260201_run/trimmed_fastq/27ac_all_sc/27ac_all_sc2_20um_020um
        
        spaceranger count --id=27ac_all_sc2_20um_020um             --transcriptome=/gpfs/commons/home/cyan/genome/refdata-gex-mm10-2020-A             --fastqs=/gpfs/commons/home/cyan/data/7_space_tag_hd/1_sequencing_runs/260201_run/trimmed_fastq/27ac_all_sc             --sample=260128-hd-1             --image=/gpfs/commons/groups/vickovic_lab/cslater/data/tissueGraph/visium/SpaceTAG/segmentation_masks/CY-260129-space-tag-hd-H3K27ac-2_final.tif             --cytaimage=/gpfs/commons/home/cyan/data/7_space_tag_hd/2_images/260128-HD/27ac/CAVG10659R1_2026-01-29_18-52-17_2026-01-29_18-43-39_H1-7HGFJMJ_A1_27ac.tif             --slide=H1-7HGFJMJ             --area=A1             --custom-bin-size=20             --output-dir=/gpfs/commons/home/cyan/data/7_space_tag_hd/1_sequencing_runs/260201_run/trimmed_fastq/27ac_all_sc/27ac_all_sc2_20um_020um             --create-bam=true             --localcores=16             --localmem=114             --custom-segmentation-file=/gpfs/commons/groups/vickovic_lab/cslater/data/tissueGraph/visium/SpaceTAG/segmentation_masks/FINAL_mask_STRICT_UINT32.tif --nucleus-expansion-distance-micron=20
        
[Fri Mar 13 17:12:25 2026]
Finished jobid: 1 (Rule: spaceranger)
1 of 7 steps (14%) done
Select jobs to execute...
Execute 2 jobs...
[Fri Mar 13 17:12:25 2026]
localrule complexity:
    input: /gpfs/commons/home/cyan/data/7_space_tag_hd/1_sequencing_runs/260201_run/trimmed_fastq/27ac_all_sc/27ac_all_sc2_20um_020um/outs/possorted_genome_bam.bam
    output: /gpfs/commons/home/cyan/data/7_space_tag_hd/1_sequencing_runs/260201_run/trimmed_fastq/27ac_all_sc/27ac_all_sc2_20um_020um/possorted_genome_bam_complexity.txt
    jobid: 2
    reason: Missing output files: /gpfs/commons/home/cyan/data/7_space_tag_hd/1_sequencing_runs/260201_run/trimmed_fastq/27ac_all_sc/27ac_all_sc2_20um_020um/possorted_genome_bam_complexity.txt; Input files updated by another job: /gpfs/commons/home/cyan/data/7_space_tag_hd/1_sequencing_runs/260201_run/trimmed_fastq/27ac_all_sc/27ac_all_sc2_20um_020um/outs/possorted_genome_bam.bam
    resources: tmpdir=/scratch
Shell command: preseq lc_extrap -B -o /gpfs/commons/home/cyan/data/7_space_tag_hd/1_sequencing_runs/260201_run/trimmed_fastq/27ac_all_sc/27ac_all_sc2_20um_020um/possorted_genome_bam_complexity.txt /gpfs/commons/home/cyan/data/7_space_tag_hd/1_sequencing_runs/260201_run/trimmed_fastq/27ac_all_sc/27ac_all_sc2_20um_020um/outs/possorted_genome_bam.bam
[Fri Mar 13 17:12:25 2026]
localrule deduplicate:
    input: /gpfs/commons/home/cyan/data/7_space_tag_hd/1_sequencing_runs/260201_run/trimmed_fastq/27ac_all_sc/27ac_all_sc2_20um_020um/outs/possorted_genome_bam.bam
    output: /gpfs/commons/home/cyan/data/7_space_tag_hd/1_sequencing_runs/260201_run/trimmed_fastq/27ac_all_sc/27ac_all_sc2_20um_020um/possorted_genome_bam_deduplicated.bam
    jobid: 3
    reason: Missing output files: /gpfs/commons/home/cyan/data/7_space_tag_hd/1_sequencing_runs/260201_run/trimmed_fastq/27ac_all_sc/27ac_all_sc2_20um_020um/possorted_genome_bam_deduplicated.bam; Input files updated by another job: /gpfs/commons/home/cyan/data/7_space_tag_hd/1_sequencing_runs/260201_run/trimmed_fastq/27ac_all_sc/27ac_all_sc2_20um_020um/outs/possorted_genome_bam.bam
    threads: 10
    resources: tmpdir=/scratch
Shell command: 
        TEMP_DIR="/gpfs/commons/home/cyan/data/7_space_tag_hd/1_sequencing_runs/260201_run/trimmed_fastq/27ac_all_sc/27ac_all_sc2_20um_020um/tmp_split_dedup"
        mkdir -p $TEMP_DIR
        CHROMS=$(samtools idxstats /gpfs/commons/home/cyan/data/7_space_tag_hd/1_sequencing_runs/260201_run/trimmed_fastq/27ac_all_sc/27ac_all_sc2_20um_020um/outs/possorted_genome_bam.bam | cut -f1 | grep -E "^chr|^[0-9XYM]" | grep -v '*')

        for CHROM in $CHROMS; do
            (
            samtools view -b -h -e " [CB] && [UB] " /gpfs/commons/home/cyan/data/7_space_tag_hd/1_sequencing_runs/260201_run/trimmed_fastq/27ac_all_sc/27ac_all_sc2_20um_020um/outs/possorted_genome_bam.bam $CHROM > $TEMP_DIR/${CHROM}_filtered.bam
            if [[ ! -s $TEMP_DIR/${CHROM}_filtered.bam ]]; then exit 0; fi
            samtools index $TEMP_DIR/${CHROM}_filtered.bam
            umi_tools dedup -I $TEMP_DIR/${CHROM}_filtered.bam --extract-umi-method=tag                 --per-cell --cell-tag=CB --umi-tag=UB --ignore-umi --method=unique                 --stdout=$TEMP_DIR/${CHROM}_dedup.bam
            ) &
            if [[ $(jobs -r | wc -l) -ge 10 ]]; then wait -n; fi
        done
        wait
        samtools merge -f -@ 10 /gpfs/commons/home/cyan/data/7_space_tag_hd/1_sequencing_runs/260201_run/trimmed_fastq/27ac_all_sc/27ac_all_sc2_20um_020um/possorted_genome_bam_deduplicated.bam $TEMP_DIR/*_dedup.bam
        samtools index -@ 10 /gpfs/commons/home/cyan/data/7_space_tag_hd/1_sequencing_runs/260201_run/trimmed_fastq/27ac_all_sc/27ac_all_sc2_20um_020um/possorted_genome_bam_deduplicated.bam
        rm -rf $TEMP_DIR
        
[Fri Mar 13 18:26:59 2026]
Finished jobid: 3 (Rule: deduplicate)
2 of 7 steps (29%) done
Select jobs to execute...
Execute 1 jobs...
[Fri Mar 13 18:26:59 2026]
localrule fragments_2um:
    input: /gpfs/commons/home/cyan/data/7_space_tag_hd/1_sequencing_runs/260201_run/trimmed_fastq/27ac_all_sc/27ac_all_sc2_20um_020um/possorted_genome_bam_deduplicated.bam
    output: /gpfs/commons/home/cyan/data/7_space_tag_hd/1_sequencing_runs/260201_run/trimmed_fastq/27ac_all_sc/27ac_all_sc2_20um_020um/possorted_genome_bam_deduplicated_fragments2.bed.gz
    jobid: 4
    reason: Missing output files: /gpfs/commons/home/cyan/data/7_space_tag_hd/1_sequencing_runs/260201_run/trimmed_fastq/27ac_all_sc/27ac_all_sc2_20um_020um/possorted_genome_bam_deduplicated_fragments2.bed.gz; Input files updated by another job: /gpfs/commons/home/cyan/data/7_space_tag_hd/1_sequencing_runs/260201_run/trimmed_fastq/27ac_all_sc/27ac_all_sc2_20um_020um/possorted_genome_bam_deduplicated.bam
    threads: 8
    resources: tmpdir=/scratch
Shell command: 
        samtools view -@ 8 -q 30 /gpfs/commons/home/cyan/data/7_space_tag_hd/1_sequencing_runs/260201_run/trimmed_fastq/27ac_all_sc/27ac_all_sc2_20um_020um/possorted_genome_bam_deduplicated.bam |         awk 'BEGIN{OFS="\t"} {
            bc=""
            for(i=12; i<=NF; i++) {
                if($i ~ /^CB:Z:/) { bc=substr($i,6); break }
            }
            if(bc != "") print $3, $4, $4+length($10), bc, "1"
        }' |         sort -k1,1 -k2,2n -k3,3n -S 30G --parallel=8 |         bgzip -c > /gpfs/commons/home/cyan/data/7_space_tag_hd/1_sequencing_runs/260201_run/trimmed_fastq/27ac_all_sc/27ac_all_sc2_20um_020um/possorted_genome_bam_deduplicated_fragments2.bed.gz
        tabix -p bed /gpfs/commons/home/cyan/data/7_space_tag_hd/1_sequencing_runs/260201_run/trimmed_fastq/27ac_all_sc/27ac_all_sc2_20um_020um/possorted_genome_bam_deduplicated_fragments2.bed.gz
        
[Fri Mar 13 18:41:17 2026]
Finished jobid: 4 (Rule: fragments_2um)
3 of 7 steps (43%) done
Select jobs to execute...
Execute 2 jobs...
[Fri Mar 13 18:41:17 2026]
localrule convert_to_cells:
    input: /gpfs/commons/home/cyan/data/7_space_tag_hd/1_sequencing_runs/260201_run/trimmed_fastq/27ac_all_sc/27ac_all_sc2_20um_020um/possorted_genome_bam_deduplicated_fragments2.bed.gz, /gpfs/commons/home/cyan/data/7_space_tag_hd/1_sequencing_runs/260201_run/trimmed_fastq/27ac_all_sc/27ac_all_sc2_20um_020um/outs/barcode_mappings.parquet
    output: /gpfs/commons/home/cyan/data/7_space_tag_hd/1_sequencing_runs/260201_run/trimmed_fastq/27ac_all_sc/27ac_all_sc2_20um_020um/possorted_genome_bam_deduplicated_fragments_CELLS.bed.gz, /gpfs/commons/home/cyan/data/7_space_tag_hd/1_sequencing_runs/260201_run/trimmed_fastq/27ac_all_sc/27ac_all_sc2_20um_020um/possorted_genome_bam_deduplicated_fragments_CELLS.bed.gz.tbi
    jobid: 6
    reason: Missing output files: /gpfs/commons/home/cyan/data/7_space_tag_hd/1_sequencing_runs/260201_run/trimmed_fastq/27ac_all_sc/27ac_all_sc2_20um_020um/possorted_genome_bam_deduplicated_fragments_CELLS.bed.gz; Input files updated by another job: /gpfs/commons/home/cyan/data/7_space_tag_hd/1_sequencing_runs/260201_run/trimmed_fastq/27ac_all_sc/27ac_all_sc2_20um_020um/possorted_genome_bam_deduplicated_fragments2.bed.gz, /gpfs/commons/home/cyan/data/7_space_tag_hd/1_sequencing_runs/260201_run/trimmed_fastq/27ac_all_sc/27ac_all_sc2_20um_020um/outs/barcode_mappings.parquet
    resources: tmpdir=/scratch
Shell command: 
python3 - <<EOF | sort -k1,1 -k2,2n -S 50G --parallel=5 | bgzip -c > /gpfs/commons/home/cyan/data/7_space_tag_hd/1_sequencing_runs/260201_run/trimmed_fastq/27ac_all_sc/27ac_all_sc2_20um_020um/possorted_genome_bam_deduplicated_fragments_CELLS.bed.gz
import pandas as pd
import gzip
import sys

try:
    # Load mapping but only keep bins that are assigned to a cell
    mappings = pd.read_parquet("/gpfs/commons/home/cyan/data/7_space_tag_hd/1_sequencing_runs/260201_run/trimmed_fastq/27ac_all_sc/27ac_all_sc2_20um_020um/outs/barcode_mappings.parquet", columns=["square_002um", "cell_id", "in_cell"])
    mappings = mappings[mappings["in_cell"] == True]
    
    # Create the lookup dictionary: { 'square_002um_ID' : 'cellid_N' }
    translate = dict(zip(mappings["square_002um"], mappings["cell_id"]))
except Exception as e:
    sys.stderr.write(f"Error loading parquet: {e}\n")
    sys.exit(1)

with gzip.open("/gpfs/commons/home/cyan/data/7_space_tag_hd/1_sequencing_runs/260201_run/trimmed_fastq/27ac_all_sc/27ac_all_sc2_20um_020um/possorted_genome_bam_deduplicated_fragments2.bed.gz", 'rt') as f:
    for line in f:
        parts = line.strip().split('\t')
        # parts[3] is the 2um barcode from the BAM
        if len(parts) >= 4 and parts[3] in translate:
            parts[3] = translate[parts[3]] # Replace bin ID with Cell ID
            sys.stdout.write('\t'.join(parts) + '\n')
EOF
        tabix -p bed /gpfs/commons/home/cyan/data/7_space_tag_hd/1_sequencing_runs/260201_run/trimmed_fastq/27ac_all_sc/27ac_all_sc2_20um_020um/possorted_genome_bam_deduplicated_fragments_CELLS.bed.gz
        
[Fri Mar 13 18:41:17 2026]
localrule convert_bin:
    input: /gpfs/commons/home/cyan/data/7_space_tag_hd/1_sequencing_runs/260201_run/trimmed_fastq/27ac_all_sc/27ac_all_sc2_20um_020um/possorted_genome_bam_deduplicated_fragments2.bed.gz, /gpfs/commons/home/cyan/data/7_space_tag_hd/1_sequencing_runs/260201_run/trimmed_fastq/27ac_all_sc/27ac_all_sc2_20um_020um/outs/barcode_mappings.parquet
    output: /gpfs/commons/home/cyan/data/7_space_tag_hd/1_sequencing_runs/260201_run/trimmed_fastq/27ac_all_sc/27ac_all_sc2_20um_020um/possorted_genome_bam_deduplicated_fragments_020um.bed.gz, /gpfs/commons/home/cyan/data/7_space_tag_hd/1_sequencing_runs/260201_run/trimmed_fastq/27ac_all_sc/27ac_all_sc2_20um_020um/possorted_genome_bam_deduplicated_fragments_020um.bed.gz.tbi
    jobid: 5
    reason: Missing output files: /gpfs/commons/home/cyan/data/7_space_tag_hd/1_sequencing_runs/260201_run/trimmed_fastq/27ac_all_sc/27ac_all_sc2_20um_020um/possorted_genome_bam_deduplicated_fragments_020um.bed.gz; Input files updated by another job: /gpfs/commons/home/cyan/data/7_space_tag_hd/1_sequencing_runs/260201_run/trimmed_fastq/27ac_all_sc/27ac_all_sc2_20um_020um/possorted_genome_bam_deduplicated_fragments2.bed.gz, /gpfs/commons/home/cyan/data/7_space_tag_hd/1_sequencing_runs/260201_run/trimmed_fastq/27ac_all_sc/27ac_all_sc2_20um_020um/outs/barcode_mappings.parquet
    resources: tmpdir=/scratch
Shell command: 
python3 - <<EOF | sort -k1,1 -k2,2n -S 50G --parallel=5 | bgzip -c > /gpfs/commons/home/cyan/data/7_space_tag_hd/1_sequencing_runs/260201_run/trimmed_fastq/27ac_all_sc/27ac_all_sc2_20um_020um/possorted_genome_bam_deduplicated_fragments_020um.bed.gz
import pandas as pd
import gzip
import sys
try:
    mappings = pd.read_parquet("/gpfs/commons/home/cyan/data/7_space_tag_hd/1_sequencing_runs/260201_run/trimmed_fastq/27ac_all_sc/27ac_all_sc2_20um_020um/outs/barcode_mappings.parquet", columns=["square_002um", "square_020um"])
    translate = dict(zip(mappings["square_002um"], mappings["square_020um"]))
except Exception as e:
    sys.stderr.write(f"Error: {e}\n")
    sys.exit(1)
with gzip.open("/gpfs/commons/home/cyan/data/7_space_tag_hd/1_sequencing_runs/260201_run/trimmed_fastq/27ac_all_sc/27ac_all_sc2_20um_020um/possorted_genome_bam_deduplicated_fragments2.bed.gz", 'rt') as f:
    for line in f:
        parts = line.strip().split('\t')
        if len(parts) >= 4 and parts[3] in translate:
            parts[3] = translate[parts[3]]
            sys.stdout.write('\t'.join(parts) + '\n')
EOF
        tabix -p bed /gpfs/commons/home/cyan/data/7_space_tag_hd/1_sequencing_runs/260201_run/trimmed_fastq/27ac_all_sc/27ac_all_sc2_20um_020um/possorted_genome_bam_deduplicated_fragments_020um.bed.gz
        
[Fri Mar 13 18:50:17 2026]
Finished jobid: 6 (Rule: convert_to_cells)
4 of 7 steps (57%) done
[Fri Mar 13 18:51:32 2026]
Finished jobid: 5 (Rule: convert_bin)
5 of 7 steps (71%) done
[Fri Mar 13 19:29:40 2026]
Finished jobid: 2 (Rule: complexity)
6 of 7 steps (86%) done
Select jobs to execute...
Execute 1 jobs...
[Fri Mar 13 19:29:40 2026]
localrule all:
    input: /gpfs/commons/home/cyan/data/7_space_tag_hd/1_sequencing_runs/260201_run/trimmed_fastq/27ac_all_sc/27ac_all_sc2_20um_020um/outs/possorted_genome_bam.bam, /gpfs/commons/home/cyan/data/7_space_tag_hd/1_sequencing_runs/260201_run/trimmed_fastq/27ac_all_sc/27ac_all_sc2_20um_020um/possorted_genome_bam_complexity.txt, /gpfs/commons/home/cyan/data/7_space_tag_hd/1_sequencing_runs/260201_run/trimmed_fastq/27ac_all_sc/27ac_all_sc2_20um_020um/possorted_genome_bam_deduplicated.bam, /gpfs/commons/home/cyan/data/7_space_tag_hd/1_sequencing_runs/260201_run/trimmed_fastq/27ac_all_sc/27ac_all_sc2_20um_020um/possorted_genome_bam_deduplicated_fragments2.bed.gz, /gpfs/commons/home/cyan/data/7_space_tag_hd/1_sequencing_runs/260201_run/trimmed_fastq/27ac_all_sc/27ac_all_sc2_20um_020um/possorted_genome_bam_deduplicated_fragments_020um.bed.gz, /gpfs/commons/home/cyan/data/7_space_tag_hd/1_sequencing_runs/260201_run/trimmed_fastq/27ac_all_sc/27ac_all_sc2_20um_020um/possorted_genome_bam_deduplicated_fragments_CELLS.bed.gz
    jobid: 0
    reason: Input files updated by another job: /gpfs/commons/home/cyan/data/7_space_tag_hd/1_sequencing_runs/260201_run/trimmed_fastq/27ac_all_sc/27ac_all_sc2_20um_020um/possorted_genome_bam_deduplicated_fragments_CELLS.bed.gz, /gpfs/commons/home/cyan/data/7_space_tag_hd/1_sequencing_runs/260201_run/trimmed_fastq/27ac_all_sc/27ac_all_sc2_20um_020um/possorted_genome_bam_deduplicated_fragments_020um.bed.gz, /gpfs/commons/home/cyan/data/7_space_tag_hd/1_sequencing_runs/260201_run/trimmed_fastq/27ac_all_sc/27ac_all_sc2_20um_020um/possorted_genome_bam_complexity.txt, /gpfs/commons/home/cyan/data/7_space_tag_hd/1_sequencing_runs/260201_run/trimmed_fastq/27ac_all_sc/27ac_all_sc2_20um_020um/possorted_genome_bam_deduplicated_fragments2.bed.gz, /gpfs/commons/home/cyan/data/7_space_tag_hd/1_sequencing_runs/260201_run/trimmed_fastq/27ac_all_sc/27ac_all_sc2_20um_020um/possorted_genome_bam_deduplicated.bam, /gpfs/commons/home/cyan/data/7_space_tag_hd/1_sequencing_runs/260201_run/trimmed_fastq/27ac_all_sc/27ac_all_sc2_20um_020um/outs/possorted_genome_bam.bam
    resources: tmpdir=/scratch
Shell command: None
[Fri Mar 13 19:29:40 2026]
Finished jobid: 0 (Rule: all)
7 of 7 steps (100%) done
Complete log(s): /gpfs/commons/home/cyan/data/7_space_tag_hd/1_sequencing_runs/260201_run/trimmed_fastq/27ac_all_sc/snake_pipline/.snakemake/log/2026-03-13T125152.472518.snakemake.log
