Config file config.yaml is extended by additional config specified via the command line.
Assuming unrestricted shared filesystem usage.
host: ne1dc3-008.nygenome.org
Building DAG of jobs...
Using shell: /usr/bin/bash
Provided cores: 16
Rules claiming more threads will be scaled down.
Job stats:
job              count
-------------  -------
all                  1
complexity           1
convert_bin          1
deduplicate          1
fragments_2um        1
spaceranger          1
total                6

Select jobs to execute...
Execute 1 jobs...
[Sun Feb  8 13:28:19 2026]
localrule spaceranger:
    output: analysis-24um/outs/possorted_genome_bam.bam, analysis-24um/outs/barcode_mappings.parquet
    jobid: 4
    reason: Missing output files: analysis-24um/outs/barcode_mappings.parquet, analysis-24um/outs/possorted_genome_bam.bam
    resources: tmpdir=/scratch
Shell command: 
        module load spaceranger/4.0.1        
        # We REMOVE --output-dir and just let --id do the work
        spaceranger count --id=analysis-24um             --transcriptome=/gpfs/commons/home/cyan/genome/refdata-gex-mm10-2020-A             --fastqs=/gpfs/commons/home/cyan/data/7_space_tag_hd/1_sequencing_runs/260201_run/trimmed_fastq/27ac_0.6x             --sample=260128-hd-1             --image=/gpfs/commons/home/cyan/data/7_space_tag_hd/2_images/260128-HD/27ac/CY-260129-space-tag-hd-H3K27ac-3-Spot000001.tif             --cytaimage=/gpfs/commons/home/cyan/data/7_space_tag_hd/2_images/260128-HD/27ac/CAVG10659R1_2026-01-29_18-52-17_2026-01-29_18-43-39_H1-7HGFJMJ_A1_27ac.tif             --slide=H1-7HGFJMJ             --area=A1             --custom-bin-size=24             --create-bam=true
        
RuleException:
CalledProcessError in file "/gpfs/commons/home/cyan/scripts/3_space_tag_hd_code/snake_pipline/Snakefile", line 28:
Command 'set -euo pipefail;  
        module load spaceranger/4.0.1        
        # We REMOVE --output-dir and just let --id do the work
        spaceranger count --id=analysis-24um             --transcriptome=/gpfs/commons/home/cyan/genome/refdata-gex-mm10-2020-A             --fastqs=/gpfs/commons/home/cyan/data/7_space_tag_hd/1_sequencing_runs/260201_run/trimmed_fastq/27ac_0.6x             --sample=260128-hd-1             --image=/gpfs/commons/home/cyan/data/7_space_tag_hd/2_images/260128-HD/27ac/CY-260129-space-tag-hd-H3K27ac-3-Spot000001.tif             --cytaimage=/gpfs/commons/home/cyan/data/7_space_tag_hd/2_images/260128-HD/27ac/CAVG10659R1_2026-01-29_18-52-17_2026-01-29_18-43-39_H1-7HGFJMJ_A1_27ac.tif             --slide=H1-7HGFJMJ             --area=A1             --custom-bin-size=24             --create-bam=true' returned non-zero exit status 1.
[Sun Feb  8 13:28:24 2026]
Error in rule spaceranger:
    message: None
    jobid: 4
    output: analysis-24um/outs/possorted_genome_bam.bam, analysis-24um/outs/barcode_mappings.parquet
    shell:
        
        module load spaceranger/4.0.1        
        # We REMOVE --output-dir and just let --id do the work
        spaceranger count --id=analysis-24um             --transcriptome=/gpfs/commons/home/cyan/genome/refdata-gex-mm10-2020-A             --fastqs=/gpfs/commons/home/cyan/data/7_space_tag_hd/1_sequencing_runs/260201_run/trimmed_fastq/27ac_0.6x             --sample=260128-hd-1             --image=/gpfs/commons/home/cyan/data/7_space_tag_hd/2_images/260128-HD/27ac/CY-260129-space-tag-hd-H3K27ac-3-Spot000001.tif             --cytaimage=/gpfs/commons/home/cyan/data/7_space_tag_hd/2_images/260128-HD/27ac/CAVG10659R1_2026-01-29_18-52-17_2026-01-29_18-43-39_H1-7HGFJMJ_A1_27ac.tif             --slide=H1-7HGFJMJ             --area=A1             --custom-bin-size=24             --create-bam=true
        
        (command exited with non-zero exit code)
Shutting down, this might take some time.
Exiting because a job execution failed. Look below for error messages
[Sun Feb  8 13:28:24 2026]
Error in rule spaceranger:
    message: None
    jobid: 4
    output: analysis-24um/outs/possorted_genome_bam.bam, analysis-24um/outs/barcode_mappings.parquet
    shell:
        
        module load spaceranger/4.0.1        
        # We REMOVE --output-dir and just let --id do the work
        spaceranger count --id=analysis-24um             --transcriptome=/gpfs/commons/home/cyan/genome/refdata-gex-mm10-2020-A             --fastqs=/gpfs/commons/home/cyan/data/7_space_tag_hd/1_sequencing_runs/260201_run/trimmed_fastq/27ac_0.6x             --sample=260128-hd-1             --image=/gpfs/commons/home/cyan/data/7_space_tag_hd/2_images/260128-HD/27ac/CY-260129-space-tag-hd-H3K27ac-3-Spot000001.tif             --cytaimage=/gpfs/commons/home/cyan/data/7_space_tag_hd/2_images/260128-HD/27ac/CAVG10659R1_2026-01-29_18-52-17_2026-01-29_18-43-39_H1-7HGFJMJ_A1_27ac.tif             --slide=H1-7HGFJMJ             --area=A1             --custom-bin-size=24             --create-bam=true
        
        (command exited with non-zero exit code)
Complete log(s): /gpfs/commons/home/cyan/scripts/3_space_tag_hd_code/snake_pipline/.snakemake/log/2026-02-08T132816.078978.snakemake.log
WorkflowError:
At least one job did not complete successfully.
