Config file config.yaml is extended by additional config specified via the command line.
Assuming unrestricted shared filesystem usage.
host: ne1dc4-011.nygenome.org
Building DAG of jobs...
Using shell: /usr/bin/bash
Provided cores: 16
Rules claiming more threads will be scaled down.
Job stats:
job              count
-------------  -------
all                  1
complexity           1
convert_bin          1
deduplicate          1
fragments_2um        1
spaceranger          1
total                6

Select jobs to execute...
Execute 1 jobs...
[Fri Mar  6 11:26:40 2026]
localrule spaceranger:
    output: /gpfs/commons/home/cyan/data/7_space_tag_hd/1_sequencing_runs/260201_run/trimmed_fastq/27ac_all_sc/27ac_all_sc2_020um/outs/possorted_genome_bam.bam, /gpfs/commons/home/cyan/data/7_space_tag_hd/1_sequencing_runs/260201_run/trimmed_fastq/27ac_all_sc/27ac_all_sc2_020um/outs/barcode_mappings.parquet
    jobid: 1
    reason: Missing output files: /gpfs/commons/home/cyan/data/7_space_tag_hd/1_sequencing_runs/260201_run/trimmed_fastq/27ac_all_sc/27ac_all_sc2_020um/outs/possorted_genome_bam.bam, /gpfs/commons/home/cyan/data/7_space_tag_hd/1_sequencing_runs/260201_run/trimmed_fastq/27ac_all_sc/27ac_all_sc2_020um/outs/barcode_mappings.parquet
    threads: 16
    resources: tmpdir=/scratch
Shell command: 
        module load spaceranger/4.0.1
        
        # Cleanup to avoid 'pipestance' errors
        rm -rf /gpfs/commons/home/cyan/data/7_space_tag_hd/1_sequencing_runs/260201_run/trimmed_fastq/27ac_all_sc/27ac_all_sc2_020um
        
        spaceranger count --id=27ac_all_sc2_020um             --transcriptome=/gpfs/commons/home/cyan/genome/refdata-gex-mm10-2020-A             --fastqs=/gpfs/commons/home/cyan/data/7_space_tag_hd/1_sequencing_runs/260201_run/trimmed_fastq/27ac_all_sc             --sample=260128-hd-1             --image=/gpfs/commons/groups/vickovic_lab/cslater/data/tissueGraph/visium/SpaceTAG/segmentation_masks/CY-260129-space-tag-hd-H3K27ac-2_final.tif             --cytaimage=/gpfs/commons/home/cyan/data/7_space_tag_hd/2_images/260128-HD/27ac/CAVG10659R1_2026-01-29_18-52-17_2026-01-29_18-43-39_H1-7HGFJMJ_A1_27ac.tif             --slide=H1-7HGFJMJ             --area=A1             --custom-bin-size=20             --output-dir=/gpfs/commons/home/cyan/data/7_space_tag_hd/1_sequencing_runs/260201_run/trimmed_fastq/27ac_all_sc/27ac_all_sc2_020um             --create-bam=true             --localcores=16             --localmem=114             --custom-segmentation-file=/gpfs/commons/groups/vickovic_lab/cslater/data/tissueGraph/visium/SpaceTAG/segmentation_masks/FINAL_mask_STRICT_UINT32.tif --nucleus-expansion-distance-micron=12
        
