Config file config.yaml is extended by additional config specified via the command line.
Assuming unrestricted shared filesystem usage.
host: ne1dc3-008.nygenome.org
Building DAG of jobs...
Using shell: /usr/bin/bash
Provided cores: 16
Rules claiming more threads will be scaled down.
Job stats:
job            count
-----------  -------
spaceranger        1
total              1

Select jobs to execute...
Execute 1 jobs...
[Sun Feb  8 13:55:24 2026]
localrule spaceranger:
    output: /gpfs/commons/home/cyan/data/7_space_tag_hd/1_sequencing_runs/260201_run/trimmed_fastq/27ac_0.6x/analysis_024um/analysis_24um-1/outs/possorted_genome_bam.bam, /gpfs/commons/home/cyan/data/7_space_tag_hd/1_sequencing_runs/260201_run/trimmed_fastq/27ac_0.6x/analysis_024um/analysis_24um-1/outs/barcode_mappings.parquet
    jobid: 0
    reason: Missing output files: /gpfs/commons/home/cyan/data/7_space_tag_hd/1_sequencing_runs/260201_run/trimmed_fastq/27ac_0.6x/analysis_024um/analysis_24um-1/outs/barcode_mappings.parquet, /gpfs/commons/home/cyan/data/7_space_tag_hd/1_sequencing_runs/260201_run/trimmed_fastq/27ac_0.6x/analysis_024um/analysis_24um-1/outs/possorted_genome_bam.bam
    threads: 16
    resources: tmpdir=/scratch
Shell command: 
        module load spaceranger/4.0.1
        
        # 1. Remove the broken folder if it exists to clear the "pipestance" error
        rm -rf /gpfs/commons/home/cyan/data/7_space_tag_hd/1_sequencing_runs/260201_run/trimmed_fastq/27ac_0.6x/analysis_024um/analysis_24um-1
        
        # 2. Run Space Ranger
        spaceranger count --id=analysis_24um-1             --transcriptome=/gpfs/commons/home/cyan/genome/refdata-gex-mm10-2020-A             --fastqs=/gpfs/commons/home/cyan/data/7_space_tag_hd/1_sequencing_runs/260201_run/trimmed_fastq/27ac_0.6x             --sample=260128-hd-1             --image=/gpfs/commons/home/cyan/data/7_space_tag_hd/2_images/260128-HD/27ac/CY-260129-space-tag-hd-H3K27ac-3-Spot000001.tif --cytaimage=/gpfs/commons/home/cyan/data/7_space_tag_hd/2_images/260128-HD/27ac/CAVG10659R1_2026-01-29_18-52-17_2026-01-29_18-43-39_H1-7HGFJMJ_A1_27ac.tif             --slide=H1-7HGFJMJ --area=A1             --custom-bin-size=24             --output-dir=/gpfs/commons/home/cyan/data/7_space_tag_hd/1_sequencing_runs/260201_run/trimmed_fastq/27ac_0.6x/analysis_024um             --create-bam=true             --localcores=16             --localmem=114
        
Waiting at most 5 seconds for missing files:
/gpfs/commons/home/cyan/data/7_space_tag_hd/1_sequencing_runs/260201_run/trimmed_fastq/27ac_0.6x/analysis_024um/analysis_24um-1/outs/possorted_genome_bam.bam (missing locally)
/gpfs/commons/home/cyan/data/7_space_tag_hd/1_sequencing_runs/260201_run/trimmed_fastq/27ac_0.6x/analysis_024um/analysis_24um-1/outs/barcode_mappings.parquet (missing locally)
MissingOutputException in rule spaceranger in file "/gpfs/commons/home/cyan/scripts/3_space_tag_hd_code/snake_pipline/Snakefile", line 18:
Job 0 completed successfully, but some output files are missing. Missing files after 5 seconds. This might be due to filesystem latency. If that is the case, consider to increase the wait time with --latency-wait:
/gpfs/commons/home/cyan/data/7_space_tag_hd/1_sequencing_runs/260201_run/trimmed_fastq/27ac_0.6x/analysis_024um/analysis_24um-1/outs/possorted_genome_bam.bam (missing locally, parent dir not present)
/gpfs/commons/home/cyan/data/7_space_tag_hd/1_sequencing_runs/260201_run/trimmed_fastq/27ac_0.6x/analysis_024um/analysis_24um-1/outs/barcode_mappings.parquet (missing locally, parent dir not present)
Shutting down, this might take some time.
Exiting because a job execution failed. Look below for error messages
[Sun Feb  8 23:10:36 2026]
Error in rule spaceranger:
    message: None
    jobid: 0
    output: /gpfs/commons/home/cyan/data/7_space_tag_hd/1_sequencing_runs/260201_run/trimmed_fastq/27ac_0.6x/analysis_024um/analysis_24um-1/outs/possorted_genome_bam.bam, /gpfs/commons/home/cyan/data/7_space_tag_hd/1_sequencing_runs/260201_run/trimmed_fastq/27ac_0.6x/analysis_024um/analysis_24um-1/outs/barcode_mappings.parquet
    shell:
        
        module load spaceranger/4.0.1
        
        # 1. Remove the broken folder if it exists to clear the "pipestance" error
        rm -rf /gpfs/commons/home/cyan/data/7_space_tag_hd/1_sequencing_runs/260201_run/trimmed_fastq/27ac_0.6x/analysis_024um/analysis_24um-1
        
        # 2. Run Space Ranger
        spaceranger count --id=analysis_24um-1             --transcriptome=/gpfs/commons/home/cyan/genome/refdata-gex-mm10-2020-A             --fastqs=/gpfs/commons/home/cyan/data/7_space_tag_hd/1_sequencing_runs/260201_run/trimmed_fastq/27ac_0.6x             --sample=260128-hd-1             --image=/gpfs/commons/home/cyan/data/7_space_tag_hd/2_images/260128-HD/27ac/CY-260129-space-tag-hd-H3K27ac-3-Spot000001.tif --cytaimage=/gpfs/commons/home/cyan/data/7_space_tag_hd/2_images/260128-HD/27ac/CAVG10659R1_2026-01-29_18-52-17_2026-01-29_18-43-39_H1-7HGFJMJ_A1_27ac.tif             --slide=H1-7HGFJMJ --area=A1             --custom-bin-size=24             --output-dir=/gpfs/commons/home/cyan/data/7_space_tag_hd/1_sequencing_runs/260201_run/trimmed_fastq/27ac_0.6x/analysis_024um             --create-bam=true             --localcores=16             --localmem=114
        
        (command exited with non-zero exit code)
Complete log(s): /gpfs/commons/home/cyan/scripts/3_space_tag_hd_code/snake_pipline/.snakemake/log/2026-02-08T135524.127268.snakemake.log
WorkflowError:
At least one job did not complete successfully.
