Config file config.yaml is extended by additional config specified via the command line.
Assuming unrestricted shared filesystem usage.
host: ne1dc3-008.nygenome.org
Building DAG of jobs...
Using shell: /usr/bin/bash
Provided cores: 16
Rules claiming more threads will be scaled down.
Job stats:
job              count
-------------  -------
all                  1
convert_bin          1
deduplicate          1
fragments_2um        1
spaceranger          1
total                5

Select jobs to execute...
Execute 1 jobs...
[Sun Feb  8 23:46:59 2026]
localrule spaceranger:
    output: /gpfs/commons/home/cyan/data/7_space_tag_hd/1_sequencing_runs/260201_run/trimmed_fastq/27ac_0.6x/27ac_06x_24um/outs/possorted_genome_bam.bam, /gpfs/commons/home/cyan/data/7_space_tag_hd/1_sequencing_runs/260201_run/trimmed_fastq/27ac_0.6x/27ac_06x_24um/outs/barcode_mappings.parquet
    jobid: 4
    reason: Missing output files: /gpfs/commons/home/cyan/data/7_space_tag_hd/1_sequencing_runs/260201_run/trimmed_fastq/27ac_0.6x/27ac_06x_24um/outs/possorted_genome_bam.bam, /gpfs/commons/home/cyan/data/7_space_tag_hd/1_sequencing_runs/260201_run/trimmed_fastq/27ac_0.6x/27ac_06x_24um/outs/barcode_mappings.parquet; Code has changed since last execution
    threads: 16
    resources: tmpdir=/scratch
Shell command: 
        module load spaceranger/4.0.1
        
        # Remove previous failed attempts to prevent pipestance errors
        rm -rf /gpfs/commons/home/cyan/data/7_space_tag_hd/1_sequencing_runs/260201_run/trimmed_fastq/27ac_0.6x/27ac_06x_24um
        
        # Run Space Ranger
        # --id will create the folder name: 27ac_06x_24um
        # --output-dir is the parent folder
        spaceranger count --id=27ac_06x_24um             --transcriptome=/gpfs/commons/home/cyan/genome/refdata-gex-mm10-2020-A             --fastqs=/gpfs/commons/home/cyan/data/7_space_tag_hd/1_sequencing_runs/260201_run/trimmed_fastq/27ac_0.6x             --sample=260128-hd-1             --image=/gpfs/commons/home/cyan/data/7_space_tag_hd/2_images/260128-HD/27ac/CY-260129-space-tag-hd-H3K27ac-3-Spot000001.tif --cytaimage=/gpfs/commons/home/cyan/data/7_space_tag_hd/2_images/260128-HD/27ac/CAVG10659R1_2026-01-29_18-52-17_2026-01-29_18-43-39_H1-7HGFJMJ_A1_27ac.tif             --slide=H1-7HGFJMJ --area=A1             --custom-bin-size=24             --output-dir=/gpfs/commons/home/cyan/data/7_space_tag_hd/1_sequencing_runs/260201_run/trimmed_fastq/27ac_0.6x/27ac_06x_24um             --create-bam=true             --localcores=16             --localmem=114
        
[Mon Feb  9 09:05:13 2026]
Finished jobid: 4 (Rule: spaceranger)
1 of 5 steps (20%) done
Select jobs to execute...
Execute 1 jobs...
[Mon Feb  9 09:05:13 2026]
localrule deduplicate:
    input: /gpfs/commons/home/cyan/data/7_space_tag_hd/1_sequencing_runs/260201_run/trimmed_fastq/27ac_0.6x/27ac_06x_24um/outs/possorted_genome_bam.bam
    output: /gpfs/commons/home/cyan/data/7_space_tag_hd/1_sequencing_runs/260201_run/trimmed_fastq/27ac_0.6x/27ac_06x_24um/possorted_genome_bam_deduplicated.bam
    jobid: 3
    reason: Missing output files: /gpfs/commons/home/cyan/data/7_space_tag_hd/1_sequencing_runs/260201_run/trimmed_fastq/27ac_0.6x/27ac_06x_24um/possorted_genome_bam_deduplicated.bam; Input files updated by another job: /gpfs/commons/home/cyan/data/7_space_tag_hd/1_sequencing_runs/260201_run/trimmed_fastq/27ac_0.6x/27ac_06x_24um/outs/possorted_genome_bam.bam
    threads: 10
    resources: tmpdir=/scratch
Shell command: 
        TEMP_DIR="/gpfs/commons/home/cyan/data/7_space_tag_hd/1_sequencing_runs/260201_run/trimmed_fastq/27ac_0.6x/27ac_06x_24um/tmp_split_dedup"
        mkdir -p $TEMP_DIR
        CHROMS=$(samtools idxstats /gpfs/commons/home/cyan/data/7_space_tag_hd/1_sequencing_runs/260201_run/trimmed_fastq/27ac_0.6x/27ac_06x_24um/outs/possorted_genome_bam.bam | cut -f1 | grep -E "^chr|^[0-9XYM]" | grep -v '*')

        for CHROM in $CHROMS; do
            (
            samtools view -b -h -e " [CB] && [UB] " /gpfs/commons/home/cyan/data/7_space_tag_hd/1_sequencing_runs/260201_run/trimmed_fastq/27ac_0.6x/27ac_06x_24um/outs/possorted_genome_bam.bam $CHROM > $TEMP_DIR/${CHROM}_filtered.bam
            if [[ ! -s $TEMP_DIR/${CHROM}_filtered.bam ]]; then exit 0; fi
            samtools index $TEMP_DIR/${CHROM}_filtered.bam
            umi_tools dedup -I $TEMP_DIR/${CHROM}_filtered.bam --extract-umi-method=tag                 --per-cell --cell-tag=CB --umi-tag=UB --ignore-umi --method=unique                 --stdout=$TEMP_DIR/${CHROM}_dedup.bam
            ) &
            if [[ $(jobs -r | wc -l) -ge 10 ]]; then wait -n; fi
        done
        wait
        samtools merge -f -@ 10 /gpfs/commons/home/cyan/data/7_space_tag_hd/1_sequencing_runs/260201_run/trimmed_fastq/27ac_0.6x/27ac_06x_24um/possorted_genome_bam_deduplicated.bam $TEMP_DIR/*_dedup.bam
        samtools index -@ 10 /gpfs/commons/home/cyan/data/7_space_tag_hd/1_sequencing_runs/260201_run/trimmed_fastq/27ac_0.6x/27ac_06x_24um/possorted_genome_bam_deduplicated.bam
        rm -rf $TEMP_DIR
        
[Mon Feb  9 11:11:29 2026]
Finished jobid: 3 (Rule: deduplicate)
2 of 5 steps (40%) done
Select jobs to execute...
Execute 1 jobs...
[Mon Feb  9 11:11:29 2026]
localrule fragments_2um:
    input: /gpfs/commons/home/cyan/data/7_space_tag_hd/1_sequencing_runs/260201_run/trimmed_fastq/27ac_0.6x/27ac_06x_24um/possorted_genome_bam_deduplicated.bam
    output: /gpfs/commons/home/cyan/data/7_space_tag_hd/1_sequencing_runs/260201_run/trimmed_fastq/27ac_0.6x/27ac_06x_24um/possorted_genome_bam_deduplicated_fragments2.bed.gz
    jobid: 2
    reason: Missing output files: /gpfs/commons/home/cyan/data/7_space_tag_hd/1_sequencing_runs/260201_run/trimmed_fastq/27ac_0.6x/27ac_06x_24um/possorted_genome_bam_deduplicated_fragments2.bed.gz; Input files updated by another job: /gpfs/commons/home/cyan/data/7_space_tag_hd/1_sequencing_runs/260201_run/trimmed_fastq/27ac_0.6x/27ac_06x_24um/possorted_genome_bam_deduplicated.bam
    threads: 8
    resources: tmpdir=/scratch
Shell command: 
        samtools view -@ 8 -q 30 /gpfs/commons/home/cyan/data/7_space_tag_hd/1_sequencing_runs/260201_run/trimmed_fastq/27ac_0.6x/27ac_06x_24um/possorted_genome_bam_deduplicated.bam |         awk 'BEGIN{OFS="\t"} {
            bc=""
            for(i=12; i<=NF; i++) {
                if($i ~ /^CB:Z:/) { bc=substr($i,6); break }
            }
            if(bc != "") print $3, $4, $4+length($10), bc, "1"
        }' |         sort -k1,1 -k2,2n -k3,3n -S 30G --parallel=8 |         bgzip -c > /gpfs/commons/home/cyan/data/7_space_tag_hd/1_sequencing_runs/260201_run/trimmed_fastq/27ac_0.6x/27ac_06x_24um/possorted_genome_bam_deduplicated_fragments2.bed.gz
        tabix -p bed /gpfs/commons/home/cyan/data/7_space_tag_hd/1_sequencing_runs/260201_run/trimmed_fastq/27ac_0.6x/27ac_06x_24um/possorted_genome_bam_deduplicated_fragments2.bed.gz
        
[Mon Feb  9 11:36:54 2026]
Finished jobid: 2 (Rule: fragments_2um)
3 of 5 steps (60%) done
Select jobs to execute...
Execute 1 jobs...
[Mon Feb  9 11:36:54 2026]
localrule convert_bin:
    input: /gpfs/commons/home/cyan/data/7_space_tag_hd/1_sequencing_runs/260201_run/trimmed_fastq/27ac_0.6x/27ac_06x_24um/possorted_genome_bam_deduplicated_fragments2.bed.gz, /gpfs/commons/home/cyan/data/7_space_tag_hd/1_sequencing_runs/260201_run/trimmed_fastq/27ac_0.6x/27ac_06x_24um/outs/barcode_mappings.parquet
    output: /gpfs/commons/home/cyan/data/7_space_tag_hd/1_sequencing_runs/260201_run/trimmed_fastq/27ac_0.6x/27ac_06x_24um/possorted_genome_bam_deduplicated_fragments_24um.bed.gz, /gpfs/commons/home/cyan/data/7_space_tag_hd/1_sequencing_runs/260201_run/trimmed_fastq/27ac_0.6x/27ac_06x_24um/possorted_genome_bam_deduplicated_fragments_24um.bed.gz.tbi
    jobid: 1
    reason: Missing output files: /gpfs/commons/home/cyan/data/7_space_tag_hd/1_sequencing_runs/260201_run/trimmed_fastq/27ac_0.6x/27ac_06x_24um/possorted_genome_bam_deduplicated_fragments_24um.bed.gz; Input files updated by another job: /gpfs/commons/home/cyan/data/7_space_tag_hd/1_sequencing_runs/260201_run/trimmed_fastq/27ac_0.6x/27ac_06x_24um/outs/barcode_mappings.parquet, /gpfs/commons/home/cyan/data/7_space_tag_hd/1_sequencing_runs/260201_run/trimmed_fastq/27ac_0.6x/27ac_06x_24um/possorted_genome_bam_deduplicated_fragments2.bed.gz
    resources: tmpdir=/scratch
Shell command: 
        python3 - <<EOF | sort -k1,1 -k2,2n -S 50G --parallel=5 | bgzip -c > /gpfs/commons/home/cyan/data/7_space_tag_hd/1_sequencing_runs/260201_run/trimmed_fastq/27ac_0.6x/27ac_06x_24um/possorted_genome_bam_deduplicated_fragments_24um.bed.gz
        import pandas as pd
        import gzip
        import sys
        try:
            mappings = pd.read_parquet("/gpfs/commons/home/cyan/data/7_space_tag_hd/1_sequencing_runs/260201_run/trimmed_fastq/27ac_0.6x/27ac_06x_24um/outs/barcode_mappings.parquet", columns=["square_002um", "square_24um"])
            translate = dict(zip(mappings["square_002um"], mappings["square_24um"]))
        except Exception as e:
            sys.stderr.write(f"Error: {e}\n")
            sys.exit(1)
        with gzip.open("/gpfs/commons/home/cyan/data/7_space_tag_hd/1_sequencing_runs/260201_run/trimmed_fastq/27ac_0.6x/27ac_06x_24um/possorted_genome_bam_deduplicated_fragments2.bed.gz", 'rt') as f:
            for line in f:
                parts = line.strip().split('\t')
                if len(parts) >= 4 and parts[3] in translate:
                    parts[3] = translate[parts[3]]
                    sys.stdout.write('\t'.join(parts) + '\n')
EOF
        tabix -p bed /gpfs/commons/home/cyan/data/7_space_tag_hd/1_sequencing_runs/260201_run/trimmed_fastq/27ac_0.6x/27ac_06x_24um/possorted_genome_bam_deduplicated_fragments_24um.bed.gz
        
RuleException:
CalledProcessError in file "/gpfs/commons/home/cyan/scripts/3_space_tag_hd_code/snake_pipline/Snakefile", line 110:
Command 'set -euo pipefail;  
        python3 - <<EOF | sort -k1,1 -k2,2n -S 50G --parallel=5 | bgzip -c > /gpfs/commons/home/cyan/data/7_space_tag_hd/1_sequencing_runs/260201_run/trimmed_fastq/27ac_0.6x/27ac_06x_24um/possorted_genome_bam_deduplicated_fragments_24um.bed.gz
        import pandas as pd
        import gzip
        import sys
        try:
            mappings = pd.read_parquet("/gpfs/commons/home/cyan/data/7_space_tag_hd/1_sequencing_runs/260201_run/trimmed_fastq/27ac_0.6x/27ac_06x_24um/outs/barcode_mappings.parquet", columns=["square_002um", "square_24um"])
            translate = dict(zip(mappings["square_002um"], mappings["square_24um"]))
        except Exception as e:
            sys.stderr.write(f"Error: {e}\n")
            sys.exit(1)
        with gzip.open("/gpfs/commons/home/cyan/data/7_space_tag_hd/1_sequencing_runs/260201_run/trimmed_fastq/27ac_0.6x/27ac_06x_24um/possorted_genome_bam_deduplicated_fragments2.bed.gz", 'rt') as f:
            for line in f:
                parts = line.strip().split('\t')
                if len(parts) >= 4 and parts[3] in translate:
                    parts[3] = translate[parts[3]]
                    sys.stdout.write('\t'.join(parts) + '\n')
EOF
        tabix -p bed /gpfs/commons/home/cyan/data/7_space_tag_hd/1_sequencing_runs/260201_run/trimmed_fastq/27ac_0.6x/27ac_06x_24um/possorted_genome_bam_deduplicated_fragments_24um.bed.gz' returned non-zero exit status 1.
[Mon Feb  9 11:36:55 2026]
Error in rule convert_bin:
    message: None
    jobid: 1
    input: /gpfs/commons/home/cyan/data/7_space_tag_hd/1_sequencing_runs/260201_run/trimmed_fastq/27ac_0.6x/27ac_06x_24um/possorted_genome_bam_deduplicated_fragments2.bed.gz, /gpfs/commons/home/cyan/data/7_space_tag_hd/1_sequencing_runs/260201_run/trimmed_fastq/27ac_0.6x/27ac_06x_24um/outs/barcode_mappings.parquet
    output: /gpfs/commons/home/cyan/data/7_space_tag_hd/1_sequencing_runs/260201_run/trimmed_fastq/27ac_0.6x/27ac_06x_24um/possorted_genome_bam_deduplicated_fragments_24um.bed.gz, /gpfs/commons/home/cyan/data/7_space_tag_hd/1_sequencing_runs/260201_run/trimmed_fastq/27ac_0.6x/27ac_06x_24um/possorted_genome_bam_deduplicated_fragments_24um.bed.gz.tbi
    shell:
        
        python3 - <<EOF | sort -k1,1 -k2,2n -S 50G --parallel=5 | bgzip -c > /gpfs/commons/home/cyan/data/7_space_tag_hd/1_sequencing_runs/260201_run/trimmed_fastq/27ac_0.6x/27ac_06x_24um/possorted_genome_bam_deduplicated_fragments_24um.bed.gz
        import pandas as pd
        import gzip
        import sys
        try:
            mappings = pd.read_parquet("/gpfs/commons/home/cyan/data/7_space_tag_hd/1_sequencing_runs/260201_run/trimmed_fastq/27ac_0.6x/27ac_06x_24um/outs/barcode_mappings.parquet", columns=["square_002um", "square_24um"])
            translate = dict(zip(mappings["square_002um"], mappings["square_24um"]))
        except Exception as e:
            sys.stderr.write(f"Error: {e}\n")
            sys.exit(1)
        with gzip.open("/gpfs/commons/home/cyan/data/7_space_tag_hd/1_sequencing_runs/260201_run/trimmed_fastq/27ac_0.6x/27ac_06x_24um/possorted_genome_bam_deduplicated_fragments2.bed.gz", 'rt') as f:
            for line in f:
                parts = line.strip().split('\t')
                if len(parts) >= 4 and parts[3] in translate:
                    parts[3] = translate[parts[3]]
                    sys.stdout.write('\t'.join(parts) + '\n')
EOF
        tabix -p bed /gpfs/commons/home/cyan/data/7_space_tag_hd/1_sequencing_runs/260201_run/trimmed_fastq/27ac_0.6x/27ac_06x_24um/possorted_genome_bam_deduplicated_fragments_24um.bed.gz
        
        (command exited with non-zero exit code)
Removing output files of failed job convert_bin since they might be corrupted:
/gpfs/commons/home/cyan/data/7_space_tag_hd/1_sequencing_runs/260201_run/trimmed_fastq/27ac_0.6x/27ac_06x_24um/possorted_genome_bam_deduplicated_fragments_24um.bed.gz
Shutting down, this might take some time.
Exiting because a job execution failed. Look below for error messages
[Mon Feb  9 11:36:56 2026]
Error in rule convert_bin:
    message: None
    jobid: 1
    input: /gpfs/commons/home/cyan/data/7_space_tag_hd/1_sequencing_runs/260201_run/trimmed_fastq/27ac_0.6x/27ac_06x_24um/possorted_genome_bam_deduplicated_fragments2.bed.gz, /gpfs/commons/home/cyan/data/7_space_tag_hd/1_sequencing_runs/260201_run/trimmed_fastq/27ac_0.6x/27ac_06x_24um/outs/barcode_mappings.parquet
    output: /gpfs/commons/home/cyan/data/7_space_tag_hd/1_sequencing_runs/260201_run/trimmed_fastq/27ac_0.6x/27ac_06x_24um/possorted_genome_bam_deduplicated_fragments_24um.bed.gz, /gpfs/commons/home/cyan/data/7_space_tag_hd/1_sequencing_runs/260201_run/trimmed_fastq/27ac_0.6x/27ac_06x_24um/possorted_genome_bam_deduplicated_fragments_24um.bed.gz.tbi
    shell:
        
        python3 - <<EOF | sort -k1,1 -k2,2n -S 50G --parallel=5 | bgzip -c > /gpfs/commons/home/cyan/data/7_space_tag_hd/1_sequencing_runs/260201_run/trimmed_fastq/27ac_0.6x/27ac_06x_24um/possorted_genome_bam_deduplicated_fragments_24um.bed.gz
        import pandas as pd
        import gzip
        import sys
        try:
            mappings = pd.read_parquet("/gpfs/commons/home/cyan/data/7_space_tag_hd/1_sequencing_runs/260201_run/trimmed_fastq/27ac_0.6x/27ac_06x_24um/outs/barcode_mappings.parquet", columns=["square_002um", "square_24um"])
            translate = dict(zip(mappings["square_002um"], mappings["square_24um"]))
        except Exception as e:
            sys.stderr.write(f"Error: {e}\n")
            sys.exit(1)
        with gzip.open("/gpfs/commons/home/cyan/data/7_space_tag_hd/1_sequencing_runs/260201_run/trimmed_fastq/27ac_0.6x/27ac_06x_24um/possorted_genome_bam_deduplicated_fragments2.bed.gz", 'rt') as f:
            for line in f:
                parts = line.strip().split('\t')
                if len(parts) >= 4 and parts[3] in translate:
                    parts[3] = translate[parts[3]]
                    sys.stdout.write('\t'.join(parts) + '\n')
EOF
        tabix -p bed /gpfs/commons/home/cyan/data/7_space_tag_hd/1_sequencing_runs/260201_run/trimmed_fastq/27ac_0.6x/27ac_06x_24um/possorted_genome_bam_deduplicated_fragments_24um.bed.gz
        
        (command exited with non-zero exit code)
Complete log(s): /gpfs/commons/home/cyan/scripts/3_space_tag_hd_code/snake_pipline/.snakemake/log/2026-02-08T234657.707396.snakemake.log
WorkflowError:
At least one job did not complete successfully.
