Config file config.yaml is extended by additional config specified via the command line.
Assuming unrestricted shared filesystem usage.
host: ne1dc4-011.nygenome.org
Building DAG of jobs...
Using shell: /usr/bin/bash
Provided cores: 16
Rules claiming more threads will be scaled down.
Job stats:
job                 count
----------------  -------
all                     1
complexity              1
convert_bin             1
convert_to_cells        1
deduplicate             1
fragments_2um           1
total                   6

Select jobs to execute...
Execute 2 jobs...
[Fri Mar  6 12:12:47 2026]
localrule complexity:
    input: /gpfs/commons/home/cyan/data/7_space_tag_hd/1_sequencing_runs/260201_run/trimmed_fastq/27ac_all_sc/27ac_all_sc2_8um_020um/outs/possorted_genome_bam.bam
    output: /gpfs/commons/home/cyan/data/7_space_tag_hd/1_sequencing_runs/260201_run/trimmed_fastq/27ac_all_sc/27ac_all_sc2_8um_020um/possorted_genome_bam_complexity.txt
    jobid: 2
    reason: Missing output files: /gpfs/commons/home/cyan/data/7_space_tag_hd/1_sequencing_runs/260201_run/trimmed_fastq/27ac_all_sc/27ac_all_sc2_8um_020um/possorted_genome_bam_complexity.txt
    resources: tmpdir=/scratch
Shell command: preseq lc_extrap -B -o /gpfs/commons/home/cyan/data/7_space_tag_hd/1_sequencing_runs/260201_run/trimmed_fastq/27ac_all_sc/27ac_all_sc2_8um_020um/possorted_genome_bam_complexity.txt /gpfs/commons/home/cyan/data/7_space_tag_hd/1_sequencing_runs/260201_run/trimmed_fastq/27ac_all_sc/27ac_all_sc2_8um_020um/outs/possorted_genome_bam.bam
[Fri Mar  6 12:12:47 2026]
localrule deduplicate:
    input: /gpfs/commons/home/cyan/data/7_space_tag_hd/1_sequencing_runs/260201_run/trimmed_fastq/27ac_all_sc/27ac_all_sc2_8um_020um/outs/possorted_genome_bam.bam
    output: /gpfs/commons/home/cyan/data/7_space_tag_hd/1_sequencing_runs/260201_run/trimmed_fastq/27ac_all_sc/27ac_all_sc2_8um_020um/possorted_genome_bam_deduplicated.bam
    jobid: 3
    reason: Missing output files: /gpfs/commons/home/cyan/data/7_space_tag_hd/1_sequencing_runs/260201_run/trimmed_fastq/27ac_all_sc/27ac_all_sc2_8um_020um/possorted_genome_bam_deduplicated.bam
    threads: 10
    resources: tmpdir=/scratch
Shell command: 
        TEMP_DIR="/gpfs/commons/home/cyan/data/7_space_tag_hd/1_sequencing_runs/260201_run/trimmed_fastq/27ac_all_sc/27ac_all_sc2_8um_020um/tmp_split_dedup"
        mkdir -p $TEMP_DIR
        CHROMS=$(samtools idxstats /gpfs/commons/home/cyan/data/7_space_tag_hd/1_sequencing_runs/260201_run/trimmed_fastq/27ac_all_sc/27ac_all_sc2_8um_020um/outs/possorted_genome_bam.bam | cut -f1 | grep -E "^chr|^[0-9XYM]" | grep -v '*')

        for CHROM in $CHROMS; do
            (
            samtools view -b -h -e " [CB] && [UB] " /gpfs/commons/home/cyan/data/7_space_tag_hd/1_sequencing_runs/260201_run/trimmed_fastq/27ac_all_sc/27ac_all_sc2_8um_020um/outs/possorted_genome_bam.bam $CHROM > $TEMP_DIR/${CHROM}_filtered.bam
            if [[ ! -s $TEMP_DIR/${CHROM}_filtered.bam ]]; then exit 0; fi
            samtools index $TEMP_DIR/${CHROM}_filtered.bam
            umi_tools dedup -I $TEMP_DIR/${CHROM}_filtered.bam --extract-umi-method=tag                 --per-cell --cell-tag=CB --umi-tag=UB --ignore-umi --method=unique                 --stdout=$TEMP_DIR/${CHROM}_dedup.bam
            ) &
            if [[ $(jobs -r | wc -l) -ge 10 ]]; then wait -n; fi
        done
        wait
        samtools merge -f -@ 10 /gpfs/commons/home/cyan/data/7_space_tag_hd/1_sequencing_runs/260201_run/trimmed_fastq/27ac_all_sc/27ac_all_sc2_8um_020um/possorted_genome_bam_deduplicated.bam $TEMP_DIR/*_dedup.bam
        samtools index -@ 10 /gpfs/commons/home/cyan/data/7_space_tag_hd/1_sequencing_runs/260201_run/trimmed_fastq/27ac_all_sc/27ac_all_sc2_8um_020um/possorted_genome_bam_deduplicated.bam
        rm -rf $TEMP_DIR
        
[Fri Mar  6 13:26:13 2026]
Finished jobid: 3 (Rule: deduplicate)
1 of 6 steps (17%) done
Select jobs to execute...
Execute 1 jobs...
[Fri Mar  6 13:26:13 2026]
localrule fragments_2um:
    input: /gpfs/commons/home/cyan/data/7_space_tag_hd/1_sequencing_runs/260201_run/trimmed_fastq/27ac_all_sc/27ac_all_sc2_8um_020um/possorted_genome_bam_deduplicated.bam
    output: /gpfs/commons/home/cyan/data/7_space_tag_hd/1_sequencing_runs/260201_run/trimmed_fastq/27ac_all_sc/27ac_all_sc2_8um_020um/possorted_genome_bam_deduplicated_fragments2.bed.gz
    jobid: 4
    reason: Missing output files: /gpfs/commons/home/cyan/data/7_space_tag_hd/1_sequencing_runs/260201_run/trimmed_fastq/27ac_all_sc/27ac_all_sc2_8um_020um/possorted_genome_bam_deduplicated_fragments2.bed.gz; Input files updated by another job: /gpfs/commons/home/cyan/data/7_space_tag_hd/1_sequencing_runs/260201_run/trimmed_fastq/27ac_all_sc/27ac_all_sc2_8um_020um/possorted_genome_bam_deduplicated.bam
    threads: 8
    resources: tmpdir=/scratch
Shell command: 
        samtools view -@ 8 -q 30 /gpfs/commons/home/cyan/data/7_space_tag_hd/1_sequencing_runs/260201_run/trimmed_fastq/27ac_all_sc/27ac_all_sc2_8um_020um/possorted_genome_bam_deduplicated.bam |         awk 'BEGIN{OFS="\t"} {
            bc=""
            for(i=12; i<=NF; i++) {
                if($i ~ /^CB:Z:/) { bc=substr($i,6); break }
            }
            if(bc != "") print $3, $4, $4+length($10), bc, "1"
        }' |         sort -k1,1 -k2,2n -k3,3n -S 30G --parallel=8 |         bgzip -c > /gpfs/commons/home/cyan/data/7_space_tag_hd/1_sequencing_runs/260201_run/trimmed_fastq/27ac_all_sc/27ac_all_sc2_8um_020um/possorted_genome_bam_deduplicated_fragments2.bed.gz
        tabix -p bed /gpfs/commons/home/cyan/data/7_space_tag_hd/1_sequencing_runs/260201_run/trimmed_fastq/27ac_all_sc/27ac_all_sc2_8um_020um/possorted_genome_bam_deduplicated_fragments2.bed.gz
        
[Fri Mar  6 13:40:12 2026]
Finished jobid: 4 (Rule: fragments_2um)
2 of 6 steps (33%) done
Select jobs to execute...
Execute 2 jobs...
RuleException in rule convert_to_cells in file "/gpfs/commons/home/cyan/data/7_space_tag_hd/1_sequencing_runs/260201_run/trimmed_fastq/27ac_all_sc/snake_pipline/Snakefile", line 160:
NameError: The name " 'square_002um_ID' " is unknown in this context. Please make sure that you defined that variable. Also note that braces not used for variable access have to be escaped by repeating them, i.e. {{print $1}}, when formatting the following:

python3 - <<EOF | sort -k1,1 -k2,2n -S 50G --parallel=5 | bgzip -c > {output.frag_cells}
import pandas as pd
import gzip
import sys

try:
    # Load mapping but only keep bins that are assigned to a cell
    mappings = pd.read_parquet("{input.mapping}", columns=["square_002um", "cell_id", "in_cell"])
    mappings = mappings[mappings["in_cell"] == True]
    
    # Create the lookup dictionary: { 'square_002um_ID' : 'cellid_N' }
    translate = dict(zip(mappings["square_002um"], mappings["cell_id"]))
except Exception as e:
    sys.stderr.write(f"Error loading parquet: {{e}}\n")
    sys.exit(1)

with gzip.open("{input.frag}", 'rt') as f:
    for line in f:
        parts = line.strip().split('\t')
        # parts[3] is the 2um barcode from the BAM
        if len(parts) >= 4 and parts[3] in translate:
            parts[3] = translate[parts[3]] # Replace bin ID with Cell ID
            sys.stdout.write('\t'.join(parts) + '\n')
EOF
        tabix -p bed {output.frag_cells}
        
