Config file config.yaml is extended by additional config specified via the command line.
Assuming unrestricted shared filesystem usage.
host: ne1dc3-007.nygenome.org
Building DAG of jobs...
Using shell: /usr/bin/bash
Provided cores: 16
Rules claiming more threads will be scaled down.
Job stats:
job           count
----------  -------
all               1
complexity        1
total             2

Select jobs to execute...
Execute 1 jobs...
[Sat Apr  4 11:34:14 2026]
localrule complexity:
    input: /gpfs/commons/home/cyan/data/7_space_tag_hd/1_sequencing_runs/260329_run/trimmed_fastq/27ac/27ac_all_sc_20um_020um/outs/possorted_genome_bam.bam
    output: /gpfs/commons/home/cyan/data/7_space_tag_hd/1_sequencing_runs/260329_run/trimmed_fastq/27ac/27ac_all_sc_20um_020um/possorted_genome_bam_complexity.txt
    jobid: 2
    reason: Missing output files: /gpfs/commons/home/cyan/data/7_space_tag_hd/1_sequencing_runs/260329_run/trimmed_fastq/27ac/27ac_all_sc_20um_020um/possorted_genome_bam_complexity.txt
    resources: tmpdir=/scratch
Shell command: preseq lc_extrap -B -o /gpfs/commons/home/cyan/data/7_space_tag_hd/1_sequencing_runs/260329_run/trimmed_fastq/27ac/27ac_all_sc_20um_020um/possorted_genome_bam_complexity.txt /gpfs/commons/home/cyan/data/7_space_tag_hd/1_sequencing_runs/260329_run/trimmed_fastq/27ac/27ac_all_sc_20um_020um/outs/possorted_genome_bam.bam
