Config file config.yaml is extended by additional config specified via the command line.
Assuming unrestricted shared filesystem usage.
host: ne1dc4-035.nygenome.org
Building DAG of jobs...
Using shell: /usr/bin/bash
Provided cores: 16
Rules claiming more threads will be scaled down.
Job stats:
job            count
-----------  -------
all                1
convert_bin        1
total              2

Select jobs to execute...
Execute 1 jobs...
[Tue Feb 10 13:55:33 2026]
localrule convert_bin:
    input: /gpfs/commons/home/cyan/data/7_space_tag_hd/1_sequencing_runs/260201_run/trimmed_fastq/27ac_0.6x/27ac_06x_24um/possorted_genome_bam_deduplicated_fragments2.bed.gz, /gpfs/commons/home/cyan/data/7_space_tag_hd/1_sequencing_runs/260201_run/trimmed_fastq/27ac_0.6x/27ac_06x_24um/outs/barcode_mappings.parquet
    output: /gpfs/commons/home/cyan/data/7_space_tag_hd/1_sequencing_runs/260201_run/trimmed_fastq/27ac_0.6x/27ac_06x_24um/possorted_genome_bam_deduplicated_fragments_24um.bed.gz, /gpfs/commons/home/cyan/data/7_space_tag_hd/1_sequencing_runs/260201_run/trimmed_fastq/27ac_0.6x/27ac_06x_24um/possorted_genome_bam_deduplicated_fragments_24um.bed.gz.tbi
    jobid: 1
    reason: Missing output files: /gpfs/commons/home/cyan/data/7_space_tag_hd/1_sequencing_runs/260201_run/trimmed_fastq/27ac_0.6x/27ac_06x_24um/possorted_genome_bam_deduplicated_fragments_24um.bed.gz; Code has changed since last execution
    resources: tmpdir=/scratch
Shell command: 
python3 - <<EOF | sort -k1,1 -k2,2n -S 50G --parallel=5 | bgzip -c > /gpfs/commons/home/cyan/data/7_space_tag_hd/1_sequencing_runs/260201_run/trimmed_fastq/27ac_0.6x/27ac_06x_24um/possorted_genome_bam_deduplicated_fragments_24um.bed.gz
import pandas as pd
import gzip
import sys
try:
    mappings = pd.read_parquet("/gpfs/commons/home/cyan/data/7_space_tag_hd/1_sequencing_runs/260201_run/trimmed_fastq/27ac_0.6x/27ac_06x_24um/outs/barcode_mappings.parquet", columns=["square_002um", "square_24um"])
    translate = dict(zip(mappings["square_002um"], mappings["square_24um"]))
except Exception as e:
    sys.stderr.write(f"Error: {e}\n")
    sys.exit(1)
with gzip.open("/gpfs/commons/home/cyan/data/7_space_tag_hd/1_sequencing_runs/260201_run/trimmed_fastq/27ac_0.6x/27ac_06x_24um/possorted_genome_bam_deduplicated_fragments2.bed.gz", 'rt') as f:
    for line in f:
        parts = line.strip().split('\t')
        if len(parts) >= 4 and parts[3] in translate:
            parts[3] = translate[parts[3]]
            sys.stdout.write('\t'.join(parts) + '\n')
EOF
        tabix -p bed /gpfs/commons/home/cyan/data/7_space_tag_hd/1_sequencing_runs/260201_run/trimmed_fastq/27ac_0.6x/27ac_06x_24um/possorted_genome_bam_deduplicated_fragments_24um.bed.gz
        
RuleException:
CalledProcessError in file "/gpfs/commons/home/cyan/scripts/3_space_tag_hd_code/snake_pipline/Snakefile", line 110:
Command 'set -euo pipefail;  
python3 - <<EOF | sort -k1,1 -k2,2n -S 50G --parallel=5 | bgzip -c > /gpfs/commons/home/cyan/data/7_space_tag_hd/1_sequencing_runs/260201_run/trimmed_fastq/27ac_0.6x/27ac_06x_24um/possorted_genome_bam_deduplicated_fragments_24um.bed.gz
import pandas as pd
import gzip
import sys
try:
    mappings = pd.read_parquet("/gpfs/commons/home/cyan/data/7_space_tag_hd/1_sequencing_runs/260201_run/trimmed_fastq/27ac_0.6x/27ac_06x_24um/outs/barcode_mappings.parquet", columns=["square_002um", "square_24um"])
    translate = dict(zip(mappings["square_002um"], mappings["square_24um"]))
except Exception as e:
    sys.stderr.write(f"Error: {e}\n")
    sys.exit(1)
with gzip.open("/gpfs/commons/home/cyan/data/7_space_tag_hd/1_sequencing_runs/260201_run/trimmed_fastq/27ac_0.6x/27ac_06x_24um/possorted_genome_bam_deduplicated_fragments2.bed.gz", 'rt') as f:
    for line in f:
        parts = line.strip().split('\t')
        if len(parts) >= 4 and parts[3] in translate:
            parts[3] = translate[parts[3]]
            sys.stdout.write('\t'.join(parts) + '\n')
EOF
        tabix -p bed /gpfs/commons/home/cyan/data/7_space_tag_hd/1_sequencing_runs/260201_run/trimmed_fastq/27ac_0.6x/27ac_06x_24um/possorted_genome_bam_deduplicated_fragments_24um.bed.gz' returned non-zero exit status 1.
[Tue Feb 10 13:55:35 2026]
Error in rule convert_bin:
    message: None
    jobid: 1
    input: /gpfs/commons/home/cyan/data/7_space_tag_hd/1_sequencing_runs/260201_run/trimmed_fastq/27ac_0.6x/27ac_06x_24um/possorted_genome_bam_deduplicated_fragments2.bed.gz, /gpfs/commons/home/cyan/data/7_space_tag_hd/1_sequencing_runs/260201_run/trimmed_fastq/27ac_0.6x/27ac_06x_24um/outs/barcode_mappings.parquet
    output: /gpfs/commons/home/cyan/data/7_space_tag_hd/1_sequencing_runs/260201_run/trimmed_fastq/27ac_0.6x/27ac_06x_24um/possorted_genome_bam_deduplicated_fragments_24um.bed.gz, /gpfs/commons/home/cyan/data/7_space_tag_hd/1_sequencing_runs/260201_run/trimmed_fastq/27ac_0.6x/27ac_06x_24um/possorted_genome_bam_deduplicated_fragments_24um.bed.gz.tbi
    shell:
        
python3 - <<EOF | sort -k1,1 -k2,2n -S 50G --parallel=5 | bgzip -c > /gpfs/commons/home/cyan/data/7_space_tag_hd/1_sequencing_runs/260201_run/trimmed_fastq/27ac_0.6x/27ac_06x_24um/possorted_genome_bam_deduplicated_fragments_24um.bed.gz
import pandas as pd
import gzip
import sys
try:
    mappings = pd.read_parquet("/gpfs/commons/home/cyan/data/7_space_tag_hd/1_sequencing_runs/260201_run/trimmed_fastq/27ac_0.6x/27ac_06x_24um/outs/barcode_mappings.parquet", columns=["square_002um", "square_24um"])
    translate = dict(zip(mappings["square_002um"], mappings["square_24um"]))
except Exception as e:
    sys.stderr.write(f"Error: {e}\n")
    sys.exit(1)
with gzip.open("/gpfs/commons/home/cyan/data/7_space_tag_hd/1_sequencing_runs/260201_run/trimmed_fastq/27ac_0.6x/27ac_06x_24um/possorted_genome_bam_deduplicated_fragments2.bed.gz", 'rt') as f:
    for line in f:
        parts = line.strip().split('\t')
        if len(parts) >= 4 and parts[3] in translate:
            parts[3] = translate[parts[3]]
            sys.stdout.write('\t'.join(parts) + '\n')
EOF
        tabix -p bed /gpfs/commons/home/cyan/data/7_space_tag_hd/1_sequencing_runs/260201_run/trimmed_fastq/27ac_0.6x/27ac_06x_24um/possorted_genome_bam_deduplicated_fragments_24um.bed.gz
        
        (command exited with non-zero exit code)
Removing output files of failed job convert_bin since they might be corrupted:
/gpfs/commons/home/cyan/data/7_space_tag_hd/1_sequencing_runs/260201_run/trimmed_fastq/27ac_0.6x/27ac_06x_24um/possorted_genome_bam_deduplicated_fragments_24um.bed.gz
Shutting down, this might take some time.
Exiting because a job execution failed. Look below for error messages
[Tue Feb 10 13:55:35 2026]
Error in rule convert_bin:
    message: None
    jobid: 1
    input: /gpfs/commons/home/cyan/data/7_space_tag_hd/1_sequencing_runs/260201_run/trimmed_fastq/27ac_0.6x/27ac_06x_24um/possorted_genome_bam_deduplicated_fragments2.bed.gz, /gpfs/commons/home/cyan/data/7_space_tag_hd/1_sequencing_runs/260201_run/trimmed_fastq/27ac_0.6x/27ac_06x_24um/outs/barcode_mappings.parquet
    output: /gpfs/commons/home/cyan/data/7_space_tag_hd/1_sequencing_runs/260201_run/trimmed_fastq/27ac_0.6x/27ac_06x_24um/possorted_genome_bam_deduplicated_fragments_24um.bed.gz, /gpfs/commons/home/cyan/data/7_space_tag_hd/1_sequencing_runs/260201_run/trimmed_fastq/27ac_0.6x/27ac_06x_24um/possorted_genome_bam_deduplicated_fragments_24um.bed.gz.tbi
    shell:
        
python3 - <<EOF | sort -k1,1 -k2,2n -S 50G --parallel=5 | bgzip -c > /gpfs/commons/home/cyan/data/7_space_tag_hd/1_sequencing_runs/260201_run/trimmed_fastq/27ac_0.6x/27ac_06x_24um/possorted_genome_bam_deduplicated_fragments_24um.bed.gz
import pandas as pd
import gzip
import sys
try:
    mappings = pd.read_parquet("/gpfs/commons/home/cyan/data/7_space_tag_hd/1_sequencing_runs/260201_run/trimmed_fastq/27ac_0.6x/27ac_06x_24um/outs/barcode_mappings.parquet", columns=["square_002um", "square_24um"])
    translate = dict(zip(mappings["square_002um"], mappings["square_24um"]))
except Exception as e:
    sys.stderr.write(f"Error: {e}\n")
    sys.exit(1)
with gzip.open("/gpfs/commons/home/cyan/data/7_space_tag_hd/1_sequencing_runs/260201_run/trimmed_fastq/27ac_0.6x/27ac_06x_24um/possorted_genome_bam_deduplicated_fragments2.bed.gz", 'rt') as f:
    for line in f:
        parts = line.strip().split('\t')
        if len(parts) >= 4 and parts[3] in translate:
            parts[3] = translate[parts[3]]
            sys.stdout.write('\t'.join(parts) + '\n')
EOF
        tabix -p bed /gpfs/commons/home/cyan/data/7_space_tag_hd/1_sequencing_runs/260201_run/trimmed_fastq/27ac_0.6x/27ac_06x_24um/possorted_genome_bam_deduplicated_fragments_24um.bed.gz
        
        (command exited with non-zero exit code)
Complete log(s): /gpfs/commons/home/cyan/scripts/3_space_tag_hd_code/snake_pipline/.snakemake/log/2026-02-10T135525.610105.snakemake.log
WorkflowError:
At least one job did not complete successfully.
