Config file config.yaml is extended by additional config specified via the command line.
Assuming unrestricted shared filesystem usage.
host: ne1dc4-011.nygenome.org
Building DAG of jobs...
Using shell: /usr/bin/bash
Provided cores: 16
Rules claiming more threads will be scaled down.
Job stats:
job              count
-------------  -------
all                  1
complexity           1
convert_bin          1
deduplicate          1
fragments_2um        1
total                5

Select jobs to execute...
Execute 2 jobs...
[Fri Mar  6 11:35:35 2026]
localrule complexity:
    input: /gpfs/commons/home/cyan/data/7_space_tag_hd/1_sequencing_runs/260201_run/trimmed_fastq/27ac_all_sc/27ac_all_sc2_8um_020um/outs/possorted_genome_bam.bam
    output: /gpfs/commons/home/cyan/data/7_space_tag_hd/1_sequencing_runs/260201_run/trimmed_fastq/27ac_all_sc/27ac_all_sc2_8um_020um/possorted_genome_bam_complexity.txt
    jobid: 2
    reason: Missing output files: /gpfs/commons/home/cyan/data/7_space_tag_hd/1_sequencing_runs/260201_run/trimmed_fastq/27ac_all_sc/27ac_all_sc2_8um_020um/possorted_genome_bam_complexity.txt
    resources: tmpdir=/scratch
Shell command: preseq lc_extrap -B -o /gpfs/commons/home/cyan/data/7_space_tag_hd/1_sequencing_runs/260201_run/trimmed_fastq/27ac_all_sc/27ac_all_sc2_8um_020um/possorted_genome_bam_complexity.txt /gpfs/commons/home/cyan/data/7_space_tag_hd/1_sequencing_runs/260201_run/trimmed_fastq/27ac_all_sc/27ac_all_sc2_8um_020um/outs/possorted_genome_bam.bam
[Fri Mar  6 11:35:35 2026]
localrule deduplicate:
    input: /gpfs/commons/home/cyan/data/7_space_tag_hd/1_sequencing_runs/260201_run/trimmed_fastq/27ac_all_sc/27ac_all_sc2_8um_020um/outs/possorted_genome_bam.bam
    output: /gpfs/commons/home/cyan/data/7_space_tag_hd/1_sequencing_runs/260201_run/trimmed_fastq/27ac_all_sc/27ac_all_sc2_8um_020um/possorted_genome_bam_deduplicated.bam
    jobid: 3
    reason: Missing output files: /gpfs/commons/home/cyan/data/7_space_tag_hd/1_sequencing_runs/260201_run/trimmed_fastq/27ac_all_sc/27ac_all_sc2_8um_020um/possorted_genome_bam_deduplicated.bam
    threads: 10
    resources: tmpdir=/scratch
Shell command: 
        TEMP_DIR="/gpfs/commons/home/cyan/data/7_space_tag_hd/1_sequencing_runs/260201_run/trimmed_fastq/27ac_all_sc/27ac_all_sc2_8um_020um/tmp_split_dedup"
        mkdir -p $TEMP_DIR
        CHROMS=$(samtools idxstats /gpfs/commons/home/cyan/data/7_space_tag_hd/1_sequencing_runs/260201_run/trimmed_fastq/27ac_all_sc/27ac_all_sc2_8um_020um/outs/possorted_genome_bam.bam | cut -f1 | grep -E "^chr|^[0-9XYM]" | grep -v '*')

        for CHROM in $CHROMS; do
            (
            samtools view -b -h -e " [CB] && [UB] " /gpfs/commons/home/cyan/data/7_space_tag_hd/1_sequencing_runs/260201_run/trimmed_fastq/27ac_all_sc/27ac_all_sc2_8um_020um/outs/possorted_genome_bam.bam $CHROM > $TEMP_DIR/${CHROM}_filtered.bam
            if [[ ! -s $TEMP_DIR/${CHROM}_filtered.bam ]]; then exit 0; fi
            samtools index $TEMP_DIR/${CHROM}_filtered.bam
            umi_tools dedup -I $TEMP_DIR/${CHROM}_filtered.bam --extract-umi-method=tag                 --per-cell --cell-tag=CB --umi-tag=UB --ignore-umi --method=unique                 --stdout=$TEMP_DIR/${CHROM}_dedup.bam
            ) &
            if [[ $(jobs -r | wc -l) -ge 10 ]]; then wait -n; fi
        done
        wait
        samtools merge -f -@ 10 /gpfs/commons/home/cyan/data/7_space_tag_hd/1_sequencing_runs/260201_run/trimmed_fastq/27ac_all_sc/27ac_all_sc2_8um_020um/possorted_genome_bam_deduplicated.bam $TEMP_DIR/*_dedup.bam
        samtools index -@ 10 /gpfs/commons/home/cyan/data/7_space_tag_hd/1_sequencing_runs/260201_run/trimmed_fastq/27ac_all_sc/27ac_all_sc2_8um_020um/possorted_genome_bam_deduplicated.bam
        rm -rf $TEMP_DIR
        
