Config file config.yaml is extended by additional config specified via the command line.
Assuming unrestricted shared filesystem usage.
host: ne1dc4-014.nygenome.org
Building DAG of jobs...
Using shell: /usr/bin/bash
Provided cores: 16
Rules claiming more threads will be scaled down.
Job stats:
job            count
-----------  -------
spaceranger        1
total              1

Select jobs to execute...
Execute 1 jobs...
[Sun Mar  1 17:55:40 2026]
localrule spaceranger:
    output: /gpfs/commons/home/cyan/data/7_space_tag_hd/1_sequencing_runs/260201_run/trimmed_fastq/27ac_all_sc/27ac_all_sc_032um/outs/possorted_genome_bam.bam, /gpfs/commons/home/cyan/data/7_space_tag_hd/1_sequencing_runs/260201_run/trimmed_fastq/27ac_all_sc/27ac_all_sc_032um/outs/barcode_mappings.parquet
    jobid: 0
    reason: Missing output files: /gpfs/commons/home/cyan/data/7_space_tag_hd/1_sequencing_runs/260201_run/trimmed_fastq/27ac_all_sc/27ac_all_sc_032um/outs/possorted_genome_bam.bam, /gpfs/commons/home/cyan/data/7_space_tag_hd/1_sequencing_runs/260201_run/trimmed_fastq/27ac_all_sc/27ac_all_sc_032um/outs/barcode_mappings.parquet
    threads: 16
    resources: tmpdir=/scratch
Shell command: 
        module load spaceranger/4.0.1
        
        # Cleanup to avoid 'pipestance' errors
        rm -rf /gpfs/commons/home/cyan/data/7_space_tag_hd/1_sequencing_runs/260201_run/trimmed_fastq/27ac_all_sc/27ac_all_sc_032um
        
        spaceranger count --id=27ac_all_sc_032um             --transcriptome=/gpfs/commons/home/cyan/genome/refdata-gex-mm10-2020-A             --fastqs=/gpfs/commons/home/cyan/data/7_space_tag_hd/1_sequencing_runs/260201_run/trimmed_fastq/27ac_all_sc             --sample=260128-hd-1             --image=/gpfs/commons/groups/vickovic_lab/cslater/data/tissueGraph/visium/SpaceTAG/segmentation_masks/CY-260129-space-tag-hd-H3K27ac-2_flat.tif             --cytaimage=/gpfs/commons/home/cyan/data/7_space_tag_hd/2_images/260128-HD/27ac/CAVG10659R1_2026-01-29_18-52-17_2026-01-29_18-43-39_H1-7HGFJMJ_A1_27ac.tif             --slide=H1-7HGFJMJ             --area=A1             --custom-bin-size=32             --output-dir=/gpfs/commons/home/cyan/data/7_space_tag_hd/1_sequencing_runs/260201_run/trimmed_fastq/27ac_all_sc/27ac_all_sc_032um             --create-bam=true             --localcores=16             --localmem=114             --custom-segmentation-file=/gpfs/commons/groups/vickovic_lab/cslater/data/tissueGraph/visium/SpaceTAG/segmentation_masks/CY-260129-space-tag-hd-H3K27ac-2_cytoplasm_cpsam_cpsam_model_default_cp_masks.tif --nucleus-expansion-distance-micron=8
        
[Sun Mar  1 21:56:35 2026]
Finished jobid: 0 (Rule: spaceranger)
1 of 1 steps (100%) done
Complete log(s): /gpfs/commons/home/cyan/data/7_space_tag_hd/1_sequencing_runs/260201_run/trimmed_fastq/27ac_all_sc/snake_pipline/.snakemake/log/2026-03-01T175537.644616.snakemake.log
