Config file config.yaml is extended by additional config specified via the command line.
Assuming unrestricted shared filesystem usage.
host: ne1dc4-035.nygenome.org
Building DAG of jobs...
Using shell: /usr/bin/bash
Provided cores: 16
Rules claiming more threads will be scaled down.
Job stats:
job            count
-----------  -------
all                1
convert_bin        1
total              2

Select jobs to execute...
Execute 1 jobs...
[Tue Feb 10 14:06:15 2026]
localrule convert_bin:
    input: /gpfs/commons/home/cyan/data/7_space_tag_hd/1_sequencing_runs/260201_run/trimmed_fastq/27ac_0.6x/27ac_06x_024um/possorted_genome_bam_deduplicated_fragments2.bed.gz, /gpfs/commons/home/cyan/data/7_space_tag_hd/1_sequencing_runs/260201_run/trimmed_fastq/27ac_0.6x/27ac_06x_024um/outs/barcode_mappings.parquet
    output: /gpfs/commons/home/cyan/data/7_space_tag_hd/1_sequencing_runs/260201_run/trimmed_fastq/27ac_0.6x/27ac_06x_024um/possorted_genome_bam_deduplicated_fragments_024um.bed.gz, /gpfs/commons/home/cyan/data/7_space_tag_hd/1_sequencing_runs/260201_run/trimmed_fastq/27ac_0.6x/27ac_06x_024um/possorted_genome_bam_deduplicated_fragments_024um.bed.gz.tbi
    jobid: 1
    reason: Missing output files: /gpfs/commons/home/cyan/data/7_space_tag_hd/1_sequencing_runs/260201_run/trimmed_fastq/27ac_0.6x/27ac_06x_024um/possorted_genome_bam_deduplicated_fragments_024um.bed.gz
    resources: tmpdir=/scratch
Shell command: 
python3 - <<EOF | sort -k1,1 -k2,2n -S 50G --parallel=5 | bgzip -c > /gpfs/commons/home/cyan/data/7_space_tag_hd/1_sequencing_runs/260201_run/trimmed_fastq/27ac_0.6x/27ac_06x_024um/possorted_genome_bam_deduplicated_fragments_024um.bed.gz
import pandas as pd
import gzip
import sys
try:
    mappings = pd.read_parquet("/gpfs/commons/home/cyan/data/7_space_tag_hd/1_sequencing_runs/260201_run/trimmed_fastq/27ac_0.6x/27ac_06x_024um/outs/barcode_mappings.parquet", columns=["square_002um", "square_024um"])
    translate = dict(zip(mappings["square_002um"], mappings["square_024um"]))
except Exception as e:
    sys.stderr.write(f"Error: {e}\n")
    sys.exit(1)
with gzip.open("/gpfs/commons/home/cyan/data/7_space_tag_hd/1_sequencing_runs/260201_run/trimmed_fastq/27ac_0.6x/27ac_06x_024um/possorted_genome_bam_deduplicated_fragments2.bed.gz", 'rt') as f:
    for line in f:
        parts = line.strip().split('\t')
        if len(parts) >= 4 and parts[3] in translate:
            parts[3] = translate[parts[3]]
            sys.stdout.write('\t'.join(parts) + '\n')
EOF
        tabix -p bed /gpfs/commons/home/cyan/data/7_space_tag_hd/1_sequencing_runs/260201_run/trimmed_fastq/27ac_0.6x/27ac_06x_024um/possorted_genome_bam_deduplicated_fragments_024um.bed.gz
        
[Tue Feb 10 14:13:04 2026]
Finished jobid: 1 (Rule: convert_bin)
1 of 2 steps (50%) done
Select jobs to execute...
Execute 1 jobs...
[Tue Feb 10 14:13:04 2026]
localrule all:
    input: /gpfs/commons/home/cyan/data/7_space_tag_hd/1_sequencing_runs/260201_run/trimmed_fastq/27ac_0.6x/27ac_06x_024um/possorted_genome_bam_deduplicated_fragments_024um.bed.gz
    jobid: 0
    reason: Input files updated by another job: /gpfs/commons/home/cyan/data/7_space_tag_hd/1_sequencing_runs/260201_run/trimmed_fastq/27ac_0.6x/27ac_06x_024um/possorted_genome_bam_deduplicated_fragments_024um.bed.gz
    resources: tmpdir=/scratch
Shell command: None
[Tue Feb 10 14:13:04 2026]
Finished jobid: 0 (Rule: all)
2 of 2 steps (100%) done
Complete log(s): /gpfs/commons/home/cyan/scripts/3_space_tag_hd_code/snake_pipline/.snakemake/log/2026-02-10T140614.588538.snakemake.log
